<?xml version="1.0" encoding="UTF-8"?>
<testng-results ignored="1" total="3" passed="0" failed="2" skipped="0">
  <reporter-output>
    <line>
      <![CDATA[Browser window is maximized successfully]]>
    </line>
    <line>
      <![CDATA[Browser window is maximized successfully]]>
    </line>
  </reporter-output>
  <suite started-at="2023-08-08T10:17:32 IST" name="Suite" finished-at="2023-08-08T10:17:38 IST" duration-ms="5784">
    <groups>
      <group name="smoke">
        <method signature="TC001_OFOS_Register.resgister(java.lang.String,java.lang.String,java.lang.String,java.lang.String,java.lang.String,java.lang.String,java.lang.String,java.lang.String)[pri:0, instance:com.ofos.test_scripts.TC001_OFOS_Register@6aba2b86]" name="resgister" class="com.ofos.test_scripts.TC001_OFOS_Register"/>
        <method signature="TC002_OFOS_Login.login()[pri:0, instance:com.ofos.test_scripts.TC002_OFOS_Login@694abbdc]" name="login" class="com.ofos.test_scripts.TC002_OFOS_Login"/>
      </group> <!-- smoke -->
    </groups>
    <test started-at="2023-08-08T10:17:32 IST" name="Test" finished-at="2023-08-08T10:17:38 IST" duration-ms="5784">
      <class name="com.ofos.test_scripts.TC002_OFOS_Login">
        <test-method is-config="true" signature="browserSetup()[pri:0, instance:com.ofos.test_scripts.TC002_OFOS_Login@694abbdc]" started-at="2023-08-08T10:17:36 IST" name="browserSetup" finished-at="2023-08-08T10:17:38 IST" duration-ms="1992" status="PASS">
          <reporter-output>
            <line>
              <![CDATA[Browser window is maximized successfully]]>
            </line>
          </reporter-output>
        </test-method> <!-- browserSetup -->
        <test-method signature="login()[pri:0, instance:com.ofos.test_scripts.TC002_OFOS_Login@694abbdc]" started-at="2023-08-08T10:17:38 IST" name="login" finished-at="2023-08-08T10:17:38 IST" duration-ms="2" status="FAIL">
          <exception class="java.lang.NullPointerException">
            <message>
              <![CDATA[Cannot invoke "com.relevantcodes.extentreports.ExtentTest.log(com.relevantcodes.extentreports.LogStatus, String)" because "com.ofos.test_scripts.TC002_OFOS_Login.test" is null]]>
            </message>
            <full-stacktrace>
              <![CDATA[java.lang.NullPointerException: Cannot invoke "com.relevantcodes.extentreports.ExtentTest.log(com.relevantcodes.extentreports.LogStatus, String)" because "com.ofos.test_scripts.TC002_OFOS_Login.test" is null
at com.ofos.test_scripts.TC002_OFOS_Login.login(TC002_OFOS_Login.java:18)
at java.base/jdk.internal.reflect.NativeMethodAccessorImpl.invoke0(Native Method)
at java.base/jdk.internal.reflect.NativeMethodAccessorImpl.invoke(NativeMethodAccessorImpl.java:77)
at java.base/jdk.internal.reflect.DelegatingMethodAccessorImpl.invoke(DelegatingMethodAccessorImpl.java:43)
at java.base/java.lang.reflect.Method.invoke(Method.java:568)
at org.testng.internal.MethodInvocationHelper.invokeMethod(MethodInvocationHelper.java:133)
at org.testng.internal.TestInvoker.invokeMethod(TestInvoker.java:598)
at org.testng.internal.TestInvoker.invokeTestMethod(TestInvoker.java:173)
at org.testng.internal.MethodRunner.runInSequence(MethodRunner.java:46)
at org.testng.internal.TestInvoker$MethodInvocationAgent.invoke(TestInvoker.java:824)
at org.testng.internal.TestInvoker.invokeTestMethods(TestInvoker.java:146)
at org.testng.internal.TestMethodWorker.invokeTestMethods(TestMethodWorker.java:146)
at org.testng.internal.TestMethodWorker.run(TestMethodWorker.java:128)
at java.base/java.util.ArrayList.forEach(ArrayList.java:1511)
at org.testng.TestRunner.privateRun(TestRunner.java:794)
at org.testng.TestRunner.run(TestRunner.java:596)
at org.testng.SuiteRunner.runTest(SuiteRunner.java:377)
at org.testng.SuiteRunner.runSequentially(SuiteRunner.java:371)
at org.testng.SuiteRunner.privateRun(SuiteRunner.java:332)
at org.testng.SuiteRunner.run(SuiteRunner.java:276)
at org.testng.SuiteRunnerWorker.runSuite(SuiteRunnerWorker.java:53)
at org.testng.SuiteRunnerWorker.run(SuiteRunnerWorker.java:96)
at org.testng.TestNG.runSuitesSequentially(TestNG.java:1212)
at org.testng.TestNG.runSuitesLocally(TestNG.java:1134)
at org.testng.TestNG.runSuites(TestNG.java:1063)
at org.testng.TestNG.run(TestNG.java:1031)
at org.testng.remote.AbstractRemoteTestNG.run(AbstractRemoteTestNG.java:115)
at org.testng.remote.RemoteTestNG.initAndRun(RemoteTestNG.java:251)
at org.testng.remote.RemoteTestNG.main(RemoteTestNG.java:77)
]]>
            </full-stacktrace>
          </exception> <!-- java.lang.NullPointerException -->
          <reporter-output>
          </reporter-output>
        </test-method> <!-- login -->
        <test-method is-config="true" signature="CloseApp()[pri:0, instance:com.ofos.test_scripts.TC002_OFOS_Login@694abbdc]" started-at="2023-08-08T10:17:38 IST" name="CloseApp" finished-at="2023-08-08T10:17:38 IST" duration-ms="203" status="PASS">
          <reporter-output>
          </reporter-output>
        </test-method> <!-- CloseApp -->
      </class> <!-- com.ofos.test_scripts.TC002_OFOS_Login -->
      <class name="com.ofos.test_scripts.TC001_OFOS_Register">
        <test-method is-config="true" signature="browserSetup()[pri:0, instance:com.ofos.test_scripts.TC001_OFOS_Register@6aba2b86]" started-at="2023-08-08T10:17:32 IST" name="browserSetup" finished-at="2023-08-08T10:17:35 IST" duration-ms="2526" status="PASS">
          <reporter-output>
            <line>
              <![CDATA[Browser window is maximized successfully]]>
            </line>
          </reporter-output>
        </test-method> <!-- browserSetup -->
        <test-method signature="resgister(java.lang.String,java.lang.String,java.lang.String,java.lang.String,java.lang.String,java.lang.String,java.lang.String,java.lang.String)[pri:0, instance:com.ofos.test_scripts.TC001_OFOS_Register@6aba2b86]" started-at="2023-08-08T10:17:35 IST" name="resgister" data-provider="Register" finished-at="2023-08-08T10:17:35 IST" duration-ms="8" status="FAIL">
          <params>
            <param index="0">
              <value>
                <![CDATA[nikhil05]]>
              </value>
            </param>
            <param index="1">
              <value>
                <![CDATA[nikhil]]>
              </value>
            </param>
            <param index="2">
              <value>
                <![CDATA[chandelwar]]>
              </value>
            </param>
            <param index="3">
              <value>
                <![CDATA[chandelwar01@gmail.com]]>
              </value>
            </param>
            <param index="4">
              <value>
                <![CDATA[9.87456321E9]]>
              </value>
            </param>
            <param index="5">
              <value>
                <![CDATA[nikhil12345]]>
              </value>
            </param>
            <param index="6">
              <value>
                <![CDATA[nikhil12345]]>
              </value>
            </param>
            <param index="7">
              <value>
                <![CDATA[Bangalore]]>
              </value>
            </param>
          </params>
          <exception class="java.lang.NullPointerException">
            <message>
              <![CDATA[Cannot invoke "com.relevantcodes.extentreports.ExtentTest.log(com.relevantcodes.extentreports.LogStatus, String)" because "com.ofos.test_scripts.TC001_OFOS_Register.test" is null]]>
            </message>
            <full-stacktrace>
              <![CDATA[java.lang.NullPointerException: Cannot invoke "com.relevantcodes.extentreports.ExtentTest.log(com.relevantcodes.extentreports.LogStatus, String)" because "com.ofos.test_scripts.TC001_OFOS_Register.test" is null
at com.ofos.test_scripts.TC001_OFOS_Register.resgister(TC001_OFOS_Register.java:27)
at java.base/jdk.internal.reflect.NativeMethodAccessorImpl.invoke0(Native Method)
at java.base/jdk.internal.reflect.NativeMethodAccessorImpl.invoke(NativeMethodAccessorImpl.java:77)
at java.base/jdk.internal.reflect.DelegatingMethodAccessorImpl.invoke(DelegatingMethodAccessorImpl.java:43)
at java.base/java.lang.reflect.Method.invoke(Method.java:568)
at org.testng.internal.MethodInvocationHelper.invokeMethod(MethodInvocationHelper.java:133)
at org.testng.internal.TestInvoker.invokeMethod(TestInvoker.java:598)
at org.testng.internal.TestInvoker.invokeTestMethod(TestInvoker.java:173)
at org.testng.internal.MethodRunner.runInSequence(MethodRunner.java:46)
at org.testng.internal.TestInvoker$MethodInvocationAgent.invoke(TestInvoker.java:824)
at org.testng.internal.TestInvoker.invokeTestMethods(TestInvoker.java:146)
at org.testng.internal.TestMethodWorker.invokeTestMethods(TestMethodWorker.java:146)
at org.testng.internal.TestMethodWorker.run(TestMethodWorker.java:128)
at java.base/java.util.ArrayList.forEach(ArrayList.java:1511)
at org.testng.TestRunner.privateRun(TestRunner.java:794)
at org.testng.TestRunner.run(TestRunner.java:596)
at org.testng.SuiteRunner.runTest(SuiteRunner.java:377)
at org.testng.SuiteRunner.runSequentially(SuiteRunner.java:371)
at org.testng.SuiteRunner.privateRun(SuiteRunner.java:332)
at org.testng.SuiteRunner.run(SuiteRunner.java:276)
at org.testng.SuiteRunnerWorker.runSuite(SuiteRunnerWorker.java:53)
at org.testng.SuiteRunnerWorker.run(SuiteRunnerWorker.java:96)
at org.testng.TestNG.runSuitesSequentially(TestNG.java:1212)
at org.testng.TestNG.runSuitesLocally(TestNG.java:1134)
at org.testng.TestNG.runSuites(TestNG.java:1063)
at org.testng.TestNG.run(TestNG.java:1031)
at org.testng.remote.AbstractRemoteTestNG.run(AbstractRemoteTestNG.java:115)
at org.testng.remote.RemoteTestNG.initAndRun(RemoteTestNG.java:251)
at org.testng.remote.RemoteTestNG.main(RemoteTestNG.java:77)
]]>
            </full-stacktrace>
          </exception> <!-- java.lang.NullPointerException -->
          <reporter-output>
          </reporter-output>
        </test-method> <!-- resgister -->
        <test-method is-config="true" signature="CloseApp()[pri:0, instance:com.ofos.test_scripts.TC001_OFOS_Register@6aba2b86]" started-at="2023-08-08T10:17:35 IST" name="CloseApp" finished-at="2023-08-08T10:17:36 IST" duration-ms="259" status="PASS">
          <reporter-output>
          </reporter-output>
        </test-method> <!-- CloseApp -->
      </class> <!-- com.ofos.test_scripts.TC001_OFOS_Register -->
    </test> <!-- Test -->
  </suite> <!-- Suite -->
</testng-results>
