<?xml version="1.0" encoding="UTF-8"?>
<!-- Generated by org.testng.reporters.JUnitXMLReporter -->
<testsuite ignored="1" hostname="Nikhil" failures="2" tests="2" name="Test" time="5.784" errors="0" timestamp="2023-08-08T10:17:38 IST">
  <testcase classname="com.ofos.test_scripts.TC001_OFOS_Register" name="resgister" time="0.008">
    <failure type="java.lang.NullPointerException" message="Cannot invoke &amp;quot;com.relevantcodes.extentreports.ExtentTest.log(com.relevantcodes.extentreports.LogStatus, String)&amp;quot; because &amp;quot;com.ofos.test_scripts.TC001_OFOS_Register.test&amp;quot; is null">
      <![CDATA[java.lang.NullPointerException: Cannot invoke "com.relevantcodes.extentreports.ExtentTest.log(com.relevantcodes.extentreports.LogStatus, String)" because "com.ofos.test_scripts.TC001_OFOS_Register.test" is null
at com.ofos.test_scripts.TC001_OFOS_Register.resgister(TC001_OFOS_Register.java:27)
at java.base/java.util.ArrayList.forEach(ArrayList.java:1511)
... Removed 27 stack frames]]>
    </failure>
  </testcase> <!-- resgister -->
  <testcase classname="com.ofos.test_scripts.TC002_OFOS_Login" name="login" time="0.002">
    <failure type="java.lang.NullPointerException" message="Cannot invoke &amp;quot;com.relevantcodes.extentreports.ExtentTest.log(com.relevantcodes.extentreports.LogStatus, String)&amp;quot; because &amp;quot;com.ofos.test_scripts.TC002_OFOS_Login.test&amp;quot; is null">
      <![CDATA[java.lang.NullPointerException: Cannot invoke "com.relevantcodes.extentreports.ExtentTest.log(com.relevantcodes.extentreports.LogStatus, String)" because "com.ofos.test_scripts.TC002_OFOS_Login.test" is null
at com.ofos.test_scripts.TC002_OFOS_Login.login(TC002_OFOS_Login.java:18)
at java.base/java.util.ArrayList.forEach(ArrayList.java:1511)
... Removed 27 stack frames]]>
    </failure>
  </testcase> <!-- login -->
  <testcase classname="com.ofos.test_scripts.TC003_OFOS_Cart" name="addToCart" time="0.0">
    <ignored/>
  </testcase> <!-- addToCart -->
</testsuite> <!-- Test -->
